2021-04-29 22:02:46,772 [INFO] Activator:170 - 


2021-04-29 22:02:46,775 [INFO] Activator:171 - !SESSION log4j initialized
2021-04-29 22:02:56,850 [INFO] McuFinderGlobals:40 - Set McuFinder mode to 2 (CubeIDE integrated)
2021-04-29 22:02:57,320 [INFO] ApplicationProperties:181 - Using Application install path: C:\ST\STM32CubeIDE_1.5.0\STM32CubeIDE\plugins\com.st.stm32cube.common.mx_6.1.0.202011121557
2021-04-29 22:02:57,332 [INFO] DbMcusXml:71 - Set database path to: C:\ST\STM32CubeIDE_1.5.0\STM32CubeIDE\plugins\com.st.stm32cube.common.mx_6.1.0.202011121557\\db\/mcu/
2021-04-29 22:02:57,336 [INFO] DbBoardsPdsc:57 - Set plugin database path to: C:\ST\STM32CubeIDE_1.5.0\STM32CubeIDE\plugins\com.st.stm32cube.common.mx_6.1.0.202011121557\\db\/plugins/boardmanager/
2021-04-29 22:02:57,337 [INFO] DbMcus:259 - Set plugin images path to: C:\ST\STM32CubeIDE_1.5.0\STM32CubeIDE\plugins\com.st.stm32cube.common.mx_6.1.0.202011121557\\db\/plugins/mcufinder/images/
2021-04-29 22:02:57,337 [INFO] DbBoards:265 - Set plugin images path to: C:\ST\STM32CubeIDE_1.5.0\STM32CubeIDE\plugins\com.st.stm32cube.common.mx_6.1.0.202011121557\\db\/plugins/mcufinder/images/
2021-04-29 22:02:57,340 [INFO] DbExamples:329 - Set plugin images path to: C:\ST\STM32CubeIDE_1.5.0\STM32CubeIDE\plugins\com.st.stm32cube.common.mx_6.1.0.202011121557\\db\/plugins/mcufinder/images/
2021-04-29 22:02:57,351 [INFO] DbMcusDocs:112 - Set database path to: C:\Users\jpaca\.stmcufinder\plugins\mcufinder//mcu/
2021-04-29 22:02:57,353 [INFO] DbMcusJson:63 - Set database path to: C:\Users\jpaca\.stmcufinder\plugins\mcufinder//mcu/
2021-04-29 22:02:57,354 [INFO] DbBoardsDocs:112 - Set database path to: C:\Users\jpaca\.stmcufinder\plugins\mcufinder//mcu/
2021-04-29 22:02:57,355 [INFO] DbBoardsJson:56 - Set database path to: C:\Users\jpaca\.stmcufinder\plugins\mcufinder//mcu/
2021-04-29 22:02:57,357 [INFO] CrossReferenceDbSqlite:196 - Set database path to: C:\Users\jpaca\.stmcufinder\plugins\mcufinder//mcu/cs/
2021-04-29 22:02:57,360 [INFO] DbExamplesSqlite:699 - Set database path to: C:\Users\jpaca\.stmcufinder\plugins\mcufinder//mcu/
2021-04-29 22:02:57,464 [INFO] RulesReader:52 - Compatibility file has been processed (228 Rules)
2021-04-29 22:02:57,556 [INFO] MicroXplorer:565 - Detected Java Version = 1.8.0_272
2021-04-29 22:02:57,556 [INFO] DbMcusXml:71 - Set database path to: C:\ST\STM32CubeIDE_1.5.0\STM32CubeIDE\plugins\com.st.stm32cube.common.mx_6.1.0.202011121557\\db\/mcu/
2021-04-29 22:02:57,557 [INFO] DbBoardsPdsc:57 - Set plugin database path to: C:\ST\STM32CubeIDE_1.5.0\STM32CubeIDE\plugins\com.st.stm32cube.common.mx_6.1.0.202011121557\\db\/plugins/boardmanager/
2021-04-29 22:02:57,557 [INFO] DbMcus:259 - Set plugin images path to: C:\ST\STM32CubeIDE_1.5.0\STM32CubeIDE\plugins\com.st.stm32cube.common.mx_6.1.0.202011121557\\db\/plugins/mcufinder/images/
2021-04-29 22:02:57,557 [INFO] DbBoards:265 - Set plugin images path to: C:\ST\STM32CubeIDE_1.5.0\STM32CubeIDE\plugins\com.st.stm32cube.common.mx_6.1.0.202011121557\\db\/plugins/mcufinder/images/
2021-04-29 22:02:57,557 [INFO] DbExamples:329 - Set plugin images path to: C:\ST\STM32CubeIDE_1.5.0\STM32CubeIDE\plugins\com.st.stm32cube.common.mx_6.1.0.202011121557\\db\/plugins/mcufinder/images/
2021-04-29 22:02:57,558 [WARN] DbFile:36 - Overriding database path with different value: C:\Users\jpaca\.stmcufinder\plugins\mcufinder/ => C:\Users\jpaca\.stmcufinder\plugins\mcufinder
2021-04-29 22:02:57,558 [INFO] DbMcusDocs:112 - Set database path to: C:\Users\jpaca\.stmcufinder\plugins\mcufinder//mcu/
2021-04-29 22:02:57,558 [WARN] DbFile:36 - Overriding database path with different value: C:\Users\jpaca\.stmcufinder\plugins\mcufinder/ => C:\Users\jpaca\.stmcufinder\plugins\mcufinder
2021-04-29 22:02:57,558 [INFO] DbMcusJson:63 - Set database path to: C:\Users\jpaca\.stmcufinder\plugins\mcufinder//mcu/
2021-04-29 22:02:57,558 [WARN] DbFile:36 - Overriding database path with different value: C:\Users\jpaca\.stmcufinder\plugins\mcufinder/ => C:\Users\jpaca\.stmcufinder\plugins\mcufinder
2021-04-29 22:02:57,558 [INFO] DbBoardsDocs:112 - Set database path to: C:\Users\jpaca\.stmcufinder\plugins\mcufinder//mcu/
2021-04-29 22:02:57,558 [WARN] DbFile:36 - Overriding database path with different value: C:\Users\jpaca\.stmcufinder\plugins\mcufinder/ => C:\Users\jpaca\.stmcufinder\plugins\mcufinder
2021-04-29 22:02:57,559 [INFO] DbBoardsJson:56 - Set database path to: C:\Users\jpaca\.stmcufinder\plugins\mcufinder//mcu/
2021-04-29 22:02:57,559 [WARN] DbFile:36 - Overriding database path with different value: C:\Users\jpaca\.stmcufinder\plugins\mcufinder/ => C:\Users\jpaca\.stmcufinder\plugins\mcufinder
2021-04-29 22:02:57,559 [WARN] DbFile:36 - Overriding database path with different value: C:\Users\jpaca\.stmcufinder\plugins\mcufinder/ => C:\Users\jpaca\.stmcufinder\plugins\mcufinder
2021-04-29 22:02:57,559 [INFO] CrossReferenceDbSqlite:196 - Set database path to: C:\Users\jpaca\.stmcufinder\plugins\mcufinder//mcu/cs/
2021-04-29 22:02:57,559 [WARN] DbFile:36 - Overriding database path with different value: C:\Users\jpaca\.stmcufinder\plugins\mcufinder/ => C:\Users\jpaca\.stmcufinder\plugins\mcufinder
2021-04-29 22:02:57,559 [INFO] DbExamplesSqlite:699 - Set database path to: C:\Users\jpaca\.stmcufinder\plugins\mcufinder//mcu/
2021-04-29 22:02:57,629 [INFO] MainPanel:190 - HeapMemory: 268435456
2021-04-29 22:02:57,714 [INFO] DbMcusXml:71 - Set database path to: C:\ST\STM32CubeIDE_1.5.0\STM32CubeIDE\plugins\com.st.stm32cube.common.mx_6.1.0.202011121557\\db\/mcu/
2021-04-29 22:02:57,715 [INFO] DbBoardsPdsc:57 - Set plugin database path to: C:\ST\STM32CubeIDE_1.5.0\STM32CubeIDE\plugins\com.st.stm32cube.common.mx_6.1.0.202011121557\\db\/plugins/boardmanager/
2021-04-29 22:02:57,715 [INFO] DbMcus:259 - Set plugin images path to: C:\ST\STM32CubeIDE_1.5.0\STM32CubeIDE\plugins\com.st.stm32cube.common.mx_6.1.0.202011121557\\db\/plugins/mcufinder/images/
2021-04-29 22:02:57,715 [INFO] DbBoards:265 - Set plugin images path to: C:\ST\STM32CubeIDE_1.5.0\STM32CubeIDE\plugins\com.st.stm32cube.common.mx_6.1.0.202011121557\\db\/plugins/mcufinder/images/
2021-04-29 22:02:57,715 [INFO] DbExamples:329 - Set plugin images path to: C:\ST\STM32CubeIDE_1.5.0\STM32CubeIDE\plugins\com.st.stm32cube.common.mx_6.1.0.202011121557\\db\/plugins/mcufinder/images/
2021-04-29 22:02:57,716 [WARN] DbFile:36 - Overriding database path with different value: C:\Users\jpaca\.stmcufinder\plugins\mcufinder/ => C:\Users\jpaca\.stmcufinder\plugins\mcufinder
2021-04-29 22:02:57,716 [INFO] DbMcusDocs:112 - Set database path to: C:\Users\jpaca\.stmcufinder\plugins\mcufinder//mcu/
2021-04-29 22:02:57,716 [WARN] DbFile:36 - Overriding database path with different value: C:\Users\jpaca\.stmcufinder\plugins\mcufinder/ => C:\Users\jpaca\.stmcufinder\plugins\mcufinder
2021-04-29 22:02:57,716 [INFO] DbMcusJson:63 - Set database path to: C:\Users\jpaca\.stmcufinder\plugins\mcufinder//mcu/
2021-04-29 22:02:57,716 [WARN] DbFile:36 - Overriding database path with different value: C:\Users\jpaca\.stmcufinder\plugins\mcufinder/ => C:\Users\jpaca\.stmcufinder\plugins\mcufinder
2021-04-29 22:02:57,717 [INFO] DbBoardsDocs:112 - Set database path to: C:\Users\jpaca\.stmcufinder\plugins\mcufinder//mcu/
2021-04-29 22:02:57,717 [WARN] DbFile:36 - Overriding database path with different value: C:\Users\jpaca\.stmcufinder\plugins\mcufinder/ => C:\Users\jpaca\.stmcufinder\plugins\mcufinder
2021-04-29 22:02:57,717 [INFO] DbBoardsJson:56 - Set database path to: C:\Users\jpaca\.stmcufinder\plugins\mcufinder//mcu/
2021-04-29 22:02:57,717 [WARN] DbFile:36 - Overriding database path with different value: C:\Users\jpaca\.stmcufinder\plugins\mcufinder/ => C:\Users\jpaca\.stmcufinder\plugins\mcufinder
2021-04-29 22:02:57,717 [WARN] DbFile:36 - Overriding database path with different value: C:\Users\jpaca\.stmcufinder\plugins\mcufinder/ => C:\Users\jpaca\.stmcufinder\plugins\mcufinder
2021-04-29 22:02:57,717 [INFO] CrossReferenceDbSqlite:196 - Set database path to: C:\Users\jpaca\.stmcufinder\plugins\mcufinder//mcu/cs/
2021-04-29 22:02:57,717 [WARN] DbFile:36 - Overriding database path with different value: C:\Users\jpaca\.stmcufinder\plugins\mcufinder/ => C:\Users\jpaca\.stmcufinder\plugins\mcufinder
2021-04-29 22:02:57,718 [INFO] DbExamplesSqlite:699 - Set database path to: C:\Users\jpaca\.stmcufinder\plugins\mcufinder//mcu/
2021-04-29 22:02:57,737 [INFO] ApplicationProperties:181 - Using Application install path: C:\ST\STM32CubeIDE_1.5.0\STM32CubeIDE\plugins\com.st.stm32cube.common.mx_6.1.0.202011121557
2021-04-29 22:02:57,738 [INFO] PluginManage:178 - Search for loadable plugins [exclusion list=, ]
2021-04-29 22:02:57,740 [INFO] PluginManage:292 - Check plugin analytics
2021-04-29 22:03:02,440 [INFO] AnalyticsPlugin:225 - Accepted Software Licenses: 
2021-04-29 22:03:02,441 [INFO] AnalyticsPlugin:227 - Accepted CMSIS Pack Licenses: 
2021-04-29 22:03:02,441 [INFO] AnalyticsPlugin:229 - Accepted Firmware Licenses: 
2021-04-29 22:03:02,442 [INFO] PluginManage:342 - Loaded plugin analytics (category:tool,tabindex:-1)
2021-04-29 22:03:02,442 [INFO] PluginManage:292 - Check plugin clock
2021-04-29 22:03:02,462 [INFO] PluginManage:342 - Loaded plugin clock (category:base,tabindex:2)
2021-04-29 22:03:02,463 [INFO] PluginManage:292 - Check plugin ddr
2021-04-29 22:03:02,467 [INFO] PluginManage:342 - Loaded plugin ddr (category:tool,tabindex:6)
2021-04-29 22:03:02,467 [INFO] PluginManage:292 - Check plugin filemanager
2021-04-29 22:03:02,659 [INFO] PluginManage:342 - Loaded plugin filemanager (category:base,tabindex:10)
2021-04-29 22:03:02,662 [INFO] PluginManage:292 - Check plugin ipmanager
2021-04-29 22:03:02,670 [INFO] PluginManage:342 - Loaded plugin ipmanager (category:base,tabindex:5)
2021-04-29 22:03:02,670 [INFO] PluginManage:292 - Check plugin pinoutandconfiguration
2021-04-29 22:03:02,682 [INFO] PluginManage:342 - Loaded plugin pinoutandconfiguration (category:base,tabindex:1)
2021-04-29 22:03:02,683 [INFO] PluginManage:292 - Check plugin pinoutconfig
2021-04-29 22:03:02,709 [INFO] PluginManage:342 - Loaded plugin pinoutconfig (category:base,tabindex:0)
2021-04-29 22:03:02,710 [INFO] PluginManage:292 - Check plugin power
2021-04-29 22:03:02,724 [INFO] PluginManage:342 - Loaded plugin power (category:power,tabindex:4)
2021-04-29 22:03:02,724 [INFO] PluginManage:292 - Check plugin projectmanager
2021-04-29 22:03:02,738 [INFO] PluginManage:342 - Loaded plugin projectmanager (category:projectmanager,tabindex:3)
2021-04-29 22:03:02,739 [INFO] PluginManage:292 - Check plugin thirdparty
2021-04-29 22:03:02,866 [INFO] PluginManage:342 - Loaded plugin thirdparty (category:base,tabindex:-1)
2021-04-29 22:03:02,867 [INFO] PluginManage:292 - Check plugin tools
2021-04-29 22:03:02,888 [WARN] IntegrityCheckThread:59 - waiting for thirdparty lock release [integrity check]
2021-04-29 22:03:02,888 [INFO] IntegrityCheckThread:61 - entering critical section [integrity check]
2021-04-29 22:03:02,889 [INFO] ThirdPartyUpdaterWithRetryManager:56 - Updater plugin not ready yet. [1/15]
2021-04-29 22:03:02,893 [INFO] PluginManage:342 - Loaded plugin tools (category:base,tabindex:7)
2021-04-29 22:03:02,894 [INFO] PluginManage:292 - Check plugin tutovideos
2021-04-29 22:03:03,173 [INFO] PluginManage:342 - Loaded plugin tutovideos (category:base,tabindex:-1)
2021-04-29 22:03:03,173 [INFO] PluginManage:292 - Check plugin updater
2021-04-29 22:03:03,187 [INFO] PluginManage:342 - Loaded plugin updater (category:base,tabindex:12)
2021-04-29 22:03:03,188 [INFO] PluginManage:265 - PluginManage : Loaded plugins [13]
2021-04-29 22:03:03,363 [INFO] PinOutPanel:1434 - setPackage(No Configuration,No Configuration)
2021-04-29 22:03:03,463 [INFO] IPUIPlugin:64 - create IPUIPlugin
2021-04-29 22:03:03,464 [INFO] PluginManager:203 - loadIPPluginJar : add adc
2021-04-29 22:03:03,467 [INFO] IPUIPlugin:64 - create IPUIPlugin
2021-04-29 22:03:03,467 [INFO] PluginManager:203 - loadIPPluginJar : add aes
2021-04-29 22:03:03,470 [INFO] IPUIPlugin:64 - create IPUIPlugin
2021-04-29 22:03:03,470 [INFO] PluginManager:203 - loadIPPluginJar : add can
2021-04-29 22:03:03,473 [INFO] IPUIPlugin:64 - create IPUIPlugin
2021-04-29 22:03:03,473 [INFO] PluginManager:203 - loadIPPluginJar : add comp
2021-04-29 22:03:03,478 [INFO] IPUIPlugin:64 - create IPUIPlugin
2021-04-29 22:03:03,478 [INFO] PluginManager:203 - loadIPPluginJar : add cryp
2021-04-29 22:03:03,481 [INFO] IPUIPlugin:64 - create IPUIPlugin
2021-04-29 22:03:03,481 [INFO] PluginManager:203 - loadIPPluginJar : add dfsdm
2021-04-29 22:03:03,487 [INFO] IPUIPlugin:64 - create IPUIPlugin
2021-04-29 22:03:03,488 [INFO] PluginManager:203 - loadIPPluginJar : add dma
2021-04-29 22:03:03,489 [INFO] IPUIPlugin:64 - create IPUIPlugin
2021-04-29 22:03:03,490 [INFO] PluginManager:203 - loadIPPluginJar : add fatfs
2021-04-29 22:03:03,495 [INFO] IPUIPlugin:64 - create IPUIPlugin
2021-04-29 22:03:03,495 [INFO] PluginManager:203 - loadIPPluginJar : add fmc
2021-04-29 22:03:03,503 [INFO] IPUIPlugin:64 - create IPUIPlugin
2021-04-29 22:03:03,504 [INFO] PluginManager:203 - loadIPPluginJar : add freertos
2021-04-29 22:03:03,506 [INFO] IPUIPlugin:64 - create IPUIPlugin
2021-04-29 22:03:03,506 [INFO] PluginManager:203 - loadIPPluginJar : add genericplugin
2021-04-29 22:03:03,509 [INFO] IPUIPlugin:64 - create IPUIPlugin
2021-04-29 22:03:03,509 [INFO] PluginManager:203 - loadIPPluginJar : add gfxmmu
2021-04-29 22:03:03,515 [INFO] IPUIPlugin:64 - create IPUIPlugin
2021-04-29 22:03:03,515 [INFO] PluginManager:203 - loadIPPluginJar : add gic
2021-04-29 22:03:03,520 [INFO] IPUIPlugin:64 - create IPUIPlugin
2021-04-29 22:03:03,520 [INFO] PluginManager:203 - loadIPPluginJar : add gpio
2021-04-29 22:03:03,523 [INFO] IPUIPlugin:64 - create IPUIPlugin
2021-04-29 22:03:03,524 [INFO] PluginManager:203 - loadIPPluginJar : add gtzc
2021-04-29 22:03:03,527 [INFO] IPUIPlugin:64 - create IPUIPlugin
2021-04-29 22:03:03,528 [INFO] PluginManager:203 - loadIPPluginJar : add hash
2021-04-29 22:03:03,532 [INFO] IPUIPlugin:64 - create IPUIPlugin
2021-04-29 22:03:03,532 [INFO] PluginManager:203 - loadIPPluginJar : add i2c
2021-04-29 22:03:03,536 [INFO] IPUIPlugin:64 - create IPUIPlugin
2021-04-29 22:03:03,536 [INFO] PluginManager:203 - loadIPPluginJar : add i2s
2021-04-29 22:03:03,540 [INFO] IPUIPlugin:64 - create IPUIPlugin
2021-04-29 22:03:03,540 [INFO] PluginManager:203 - loadIPPluginJar : add ipddr
2021-04-29 22:03:03,544 [INFO] IPUIPlugin:64 - create IPUIPlugin
2021-04-29 22:03:03,544 [INFO] PluginManager:203 - loadIPPluginJar : add lorawan
2021-04-29 22:03:03,547 [INFO] IPUIPlugin:64 - create IPUIPlugin
2021-04-29 22:03:03,547 [INFO] PluginManager:203 - loadIPPluginJar : add ltdc
2021-04-29 22:03:03,552 [INFO] IPUIPlugin:64 - create IPUIPlugin
2021-04-29 22:03:03,553 [INFO] PluginManager:203 - loadIPPluginJar : add mdma
2021-04-29 22:03:03,558 [INFO] IPUIPlugin:64 - create IPUIPlugin
2021-04-29 22:03:03,558 [INFO] PluginManager:203 - loadIPPluginJar : add nvic
2021-04-29 22:03:03,562 [INFO] IPUIPlugin:64 - create IPUIPlugin
2021-04-29 22:03:03,562 [INFO] PluginManager:203 - loadIPPluginJar : add opamp
2021-04-29 22:03:03,566 [INFO] IPUIPlugin:64 - create IPUIPlugin
2021-04-29 22:03:03,566 [INFO] PluginManager:203 - loadIPPluginJar : add openamp
2021-04-29 22:03:03,569 [INFO] IPUIPlugin:64 - create IPUIPlugin
2021-04-29 22:03:03,569 [INFO] PluginManager:203 - loadIPPluginJar : add pdm2pcm
2021-04-29 22:03:03,576 [INFO] IPUIPlugin:64 - create IPUIPlugin
2021-04-29 22:03:03,581 [INFO] PluginManager:203 - loadIPPluginJar : add plateformsettings
2021-04-29 22:03:03,584 [INFO] IPUIPlugin:64 - create IPUIPlugin
2021-04-29 22:03:03,584 [INFO] PluginManager:203 - loadIPPluginJar : add quadspi
2021-04-29 22:03:03,591 [INFO] IPUIPlugin:64 - create IPUIPlugin
2021-04-29 22:03:03,592 [INFO] PluginManager:203 - loadIPPluginJar : add resmgrutility
2021-04-29 22:03:03,596 [INFO] IPUIPlugin:64 - create IPUIPlugin
2021-04-29 22:03:03,596 [INFO] PluginManager:203 - loadIPPluginJar : add sai
2021-04-29 22:03:03,599 [INFO] IPUIPlugin:64 - create IPUIPlugin
2021-04-29 22:03:03,600 [INFO] PluginManager:203 - loadIPPluginJar : add spi
2021-04-29 22:03:03,606 [INFO] IPUIPlugin:64 - create IPUIPlugin
2021-04-29 22:03:03,606 [INFO] PluginManager:203 - loadIPPluginJar : add stm32_wpan
2021-04-29 22:03:03,608 [INFO] IPUIPlugin:64 - create IPUIPlugin
2021-04-29 22:03:03,609 [INFO] PluginManager:203 - loadIPPluginJar : add tim
2021-04-29 22:03:03,612 [INFO] IPUIPlugin:64 - create IPUIPlugin
2021-04-29 22:03:03,612 [INFO] PluginManager:203 - loadIPPluginJar : add touchsensing
2021-04-29 22:03:03,615 [INFO] IPUIPlugin:64 - create IPUIPlugin
2021-04-29 22:03:03,615 [INFO] PluginManager:203 - loadIPPluginJar : add tracer_emb
2021-04-29 22:03:03,617 [INFO] IPUIPlugin:64 - create IPUIPlugin
2021-04-29 22:03:03,618 [INFO] PluginManager:203 - loadIPPluginJar : add ts
2021-04-29 22:03:03,620 [INFO] IPUIPlugin:64 - create IPUIPlugin
2021-04-29 22:03:03,620 [INFO] PluginManager:203 - loadIPPluginJar : add tsc
2021-04-29 22:03:03,622 [INFO] IPUIPlugin:64 - create IPUIPlugin
2021-04-29 22:03:03,623 [INFO] PluginManager:203 - loadIPPluginJar : add ucpd
2021-04-29 22:03:03,626 [INFO] IPUIPlugin:64 - create IPUIPlugin
2021-04-29 22:03:03,627 [INFO] PluginManager:203 - loadIPPluginJar : add usart
2021-04-29 22:03:04,057 [FATAL] Updater:284 - Updater called before beeing initialized
2021-04-29 22:03:04,173 [FATAL] Updater:284 - Updater called before beeing initialized
2021-04-29 22:03:04,225 [WARN] DetailPanel:347 - Failed to get advertising image, set to default
2021-04-29 22:03:04,229 [FATAL] Updater:284 - Updater called before beeing initialized
2021-04-29 22:03:04,229 [WARN] DetailPanel:347 - Failed to get advertising image, set to default
2021-04-29 22:03:04,272 [FATAL] Updater:284 - Updater called before beeing initialized
2021-04-29 22:03:04,273 [WARN] ThirdParty:783 - waiting for thirdparty lock release [close project]
